2026-01-30 00:25:52
Session Data: Array
(
    [active_business_id] => narayana-hotel
    [user_id] => 1
    [username] => admin
    [full_name] => Administrator
    [role] => admin
    [business_access] => ["bens-cafe","eat-meet","furniture-jepara","karimunjawa-party-boat","narayana-hotel","pabrik-kapal"]
    [logged_in] => 1
    [login_time] => 1769707270
    [user_theme] => light
    [user_language] => id
    [flash] => Array
        (
        )

)

===================
isLoggedIn(): TRUE

2026-01-30 00:26:17
Session Data: Array
(
    [active_business_id] => narayana-hotel
    [user_id] => 1
    [username] => admin
    [full_name] => Administrator
    [role] => admin
    [business_access] => ["bens-cafe","eat-meet","furniture-jepara","karimunjawa-party-boat","narayana-hotel","pabrik-kapal"]
    [logged_in] => 1
    [login_time] => 1769707270
    [user_theme] => light
    [user_language] => id
    [flash] => Array
        (
        )

)

===================
isLoggedIn(): TRUE

